<?xml version="1.0" encoding="UTF-8"?>
<!-- Generated by org.testng.reporters.JUnitXMLReporter -->
<testsuite hostname="DINESHSHANMUGAM" ignored="0" name="Default test" tests="8" failures="0" timestamp="01 Oct 2022 05:02:19 GMT" time="0.261" errors="0">
  <testcase name="test3" time="0.031" classname="org.groupssss.C"/>
  <testcase name="test1" time="0.0" classname="org.groups.GroupsProg"/>
  <testcase name="test2" time="0.016" classname="org.groups.GroupsProg"/>
  <testcase name="test3" time="0.0" classname="org.groups.GroupsProg"/>
  <testcase name="test4" time="0.0" classname="org.groups.GroupsProg"/>
  <testcase name="test5" time="0.016" classname="org.groups.GroupsProg"/>
  <testcase name="test2" time="0.015" classname="org.groupssss.C"/>
  <testcase name="test1" time="0.0" classname="org.groupssss.C"/>
</testsuite> <!-- Default test -->
