<?xml version="1.0" encoding="UTF-8"?>
<testng-results skipped="0" failed="0" ignored="0" total="3" passed="3">
  <reporter-output>
  </reporter-output>
  <suite name="Suite" duration-ms="394" started-at="2022-10-01T05:07:59Z" finished-at="2022-10-01T05:07:59Z">
    <groups>
      <group name="Sanity">
        <method signature="C.test2()[pri:0, instance:org.groupssss.C@25b2fe]" name="test2" class="org.groupssss.C"/>
      </group> <!-- Sanity -->
      <group name="Reg">
        <method signature="C.test1()[pri:0, instance:org.groupssss.C@25b2fe]" name="test1" class="org.groupssss.C"/>
      </group> <!-- Reg -->
      <group name="Smoke">
        <method signature="C.test3()[pri:0, instance:org.groupssss.C@25b2fe]" name="test3" class="org.groupssss.C"/>
      </group> <!-- Smoke -->
    </groups>
    <test name="Test" duration-ms="394" started-at="2022-10-01T05:07:59Z" finished-at="2022-10-01T05:07:59Z">
      <class name="org.groupssss.C">
        <test-method status="PASS" signature="test3()[pri:0, instance:org.groupssss.C@25b2fe]" name="test3" duration-ms="63" started-at="2022-10-01T05:07:59Z" finished-at="2022-10-01T05:07:59Z">
          <reporter-output>
          </reporter-output>
        </test-method> <!-- test3 -->
        <test-method status="PASS" signature="test2()[pri:0, instance:org.groupssss.C@25b2fe]" name="test2" duration-ms="31" depends-on-groups="Smoke" started-at="2022-10-01T05:07:59Z" finished-at="2022-10-01T05:07:59Z">
          <reporter-output>
          </reporter-output>
        </test-method> <!-- test2 -->
        <test-method status="PASS" signature="test1()[pri:0, instance:org.groupssss.C@25b2fe]" name="test1" duration-ms="16" depends-on-groups="Sanity" started-at="2022-10-01T05:07:59Z" finished-at="2022-10-01T05:07:59Z">
          <reporter-output>
          </reporter-output>
        </test-method> <!-- test1 -->
      </class> <!-- org.groupssss.C -->
    </test> <!-- Test -->
  </suite> <!-- Suite -->
</testng-results>
